Arguments: 
  C:\Program Files\nodejs\node.exe C:\Program Files (x86)\Yarn\bin\yarn.js add @rfcs/remote-db

PATH: 
  C:\ProgramData\DockerDesktop\version-bin;C:\Program Files\Docker\Docker\Resources\bin;C:\Windows\system32;C:\Windows;C:\Windows\System32\Wbem;C:\Windows\System32\WindowsPowerShell\v1.0\;C:\Windows\System32\OpenSSH\;C:\Program Files (x86)\NVIDIA Corporation\PhysX\Common;C:\Program Files\dotnet\;C:\Go\bin;C:\Program Files\NVIDIA Corporation\NVIDIA NvDLISR;C:\WINDOWS\system32;C:\WINDOWS;C:\WINDOWS\System32\Wbem;C:\WINDOWS\System32\WindowsPowerShell\v1.0\;C:\WINDOWS\System32\OpenSSH\;C:\Program Files (x86)\Microsoft Visual Studio\2019\Community\MSBuild\Current\Bin;C:\Program Files\Common Files\Autodesk Shared\;C:\tools\SQLite;C:\Program Files (x86)\Yarn\bin\;C:\Program Files\LLVM\bin;C:\Program Files\nodejs\;C:\Program Files\Git\cmd;C:\Users\oikawa\.windows-build-tools\python27\;C:\Users\oikawa\AppData\Local\Programs\Python\Python36\Scripts\;C:\Users\oikawa\AppData\Local\Programs\Python\Python36\;C:\Ruby26-x64\bin;C:\Users\oikawa\AppData\Local\Microsoft\WindowsApps;%GOPATH%\bin;C:\Users\oikawa\AppData\Local\Yarn\bin;C:\Users\oikawa\.cargo\bin;C:\Users\oikawa\AppData\Roaming\npm;C:\work\AndroidSDK\platform-tools;C:\Program Files\Java\jdk-13.0.1\bin;

Yarn version: 
  1.19.1

Node version: 
  12.13.0

Platform: 
  win32 x64

Trace: 
  Error: https://registry.yarnpkg.com/@rfcs%2fremote-db: Not found
      at Request.params.callback [as _callback] (C:\Program Files (x86)\Yarn\lib\cli.js:66035:18)
      at Request.self.callback (C:\Program Files (x86)\Yarn\lib\cli.js:140564:22)
      at Request.emit (events.js:210:5)
      at Request.<anonymous> (C:\Program Files (x86)\Yarn\lib\cli.js:141536:10)
      at Request.emit (events.js:210:5)
      at IncomingMessage.<anonymous> (C:\Program Files (x86)\Yarn\lib\cli.js:141458:12)
      at Object.onceWrapper (events.js:299:28)
      at IncomingMessage.emit (events.js:215:7)
      at endReadableNT (_stream_readable.js:1183:12)
      at processTicksAndRejections (internal/process/task_queues.js:80:21)

npm manifest: 
  {
    "name": "@rfcs/user",
    "version": "1.0.0",
    "description": "RFCS ユーザ管理モジュール",
    "main": "index.js",
    "scripts": {
      "test": "echo \"Error: no test specified\" && exit 1"
    },
    "keywords": [],
    "author": "SoraKumo",
    "license": "MIT",
    "repository": {
      "type": "git",
      "url": "git+https://github.com/remote-function-call-system/rfcs-user.git"
    },
    "bugs": {
      "url": "https://github.com/remote-function-call-system/rfcs-user/issues"
    },
    "homepage": "https://github.com/remote-function-call-system/rfcs-user#readme"
  }

yarn manifest: 
  No manifest

Lockfile: 
  No lockfile
